<?xml version="1.0" encoding="UTF-8"?>
<testng-results ignored="0" total="1" passed="1" failed="0" skipped="0">
  <reporter-output>
  </reporter-output>
  <suite started-at="2022-03-13T17:24:33 AEDT" name="Default suite" finished-at="2022-03-13T17:24:33 AEDT" duration-ms="93">
    <groups>
    </groups>
    <test started-at="2022-03-13T17:24:33 AEDT" name="Default test" finished-at="2022-03-13T17:24:33 AEDT" duration-ms="93">
      <class name="Section14_115">
        <test-method signature="streamCollect()[pri:0, instance:Section14_115@6c80d78a]" started-at="2022-03-13T17:24:33 AEDT" name="streamCollect" finished-at="2022-03-13T17:24:33 AEDT" duration-ms="20" status="PASS">
          <reporter-output>
          </reporter-output>
        </test-method> <!-- streamCollect -->
      </class> <!-- Section14_115 -->
    </test> <!-- Default test -->
  </suite> <!-- Default suite -->
</testng-results>
